[2024-04-29 23:48:00,309: INFO: main: Welcome to our custom log]
[2024-05-01 12:16:25,000: INFO: common: yaml file: config\config.yaml loaded successfully]
[2024-05-01 12:16:25,016: INFO: common: yaml file: params.yaml loaded successfully]
[2024-05-01 12:16:25,019: INFO: common: created directory at: artifacts]
[2024-05-01 12:16:25,021: INFO: common: created directory at: artifacts/data_ingestion]
[2024-05-01 12:16:25,022: INFO: 986331348: Downloading data from https://drive.google.com/file/d/1vlhZ5c7abUKF8xXERIw6m9Te8fW7ohw3/view?usp=sharing into file artifacts/data_ingestion/data.zip]
[2024-05-01 12:17:11,019: INFO: 986331348: Downloaded data from https://drive.google.com/file/d/1vlhZ5c7abUKF8xXERIw6m9Te8fW7ohw3/view?usp=sharing into file artifacts/data_ingestion/data.zip]
[2024-05-01 12:41:46,060: INFO: main: >>>>>> stage Data Ingestion stage started <<<<<<]
[2024-05-01 12:41:46,062: INFO: common: yaml file: config\config.yaml loaded successfully]
[2024-05-01 12:41:46,063: INFO: common: yaml file: params.yaml loaded successfully]
[2024-05-01 12:41:46,063: INFO: common: created directory at: artifacts]
[2024-05-01 12:41:46,064: INFO: common: created directory at: artifacts/data_ingestion]
[2024-05-01 12:41:46,064: INFO: data_ingestion: Downloading data from https://drive.google.com/file/d/1vlhZ5c7abUKF8xXERIw6m9Te8fW7ohw3/view?usp=sharing into file artifacts/data_ingestion/data.zip]
[2024-05-01 12:42:28,945: INFO: data_ingestion: Downloaded data from https://drive.google.com/file/d/1vlhZ5c7abUKF8xXERIw6m9Te8fW7ohw3/view?usp=sharing into file artifacts/data_ingestion/data.zip]
[2024-05-01 12:42:30,052: INFO: main: >>>>>> stage Data Ingestion stage completed <<<<<<

x==========x]
[2024-05-01 18:41:47,848: INFO: common: yaml file: config\config.yaml loaded successfully]
[2024-05-01 18:41:47,864: INFO: common: yaml file: params.yaml loaded successfully]
[2024-05-01 18:41:47,867: INFO: common: created directory at: artifacts]
[2024-05-01 18:41:47,868: INFO: common: created directory at: artifacts/prepare_base_model]
[2024-05-01 18:41:57,648: INFO: common: yaml file: config\config.yaml loaded successfully]
[2024-05-01 18:41:57,652: INFO: common: yaml file: params.yaml loaded successfully]
[2024-05-01 18:41:57,656: INFO: common: created directory at: artifacts]
[2024-05-01 18:41:57,657: INFO: common: created directory at: artifacts/prepare_base_model]
[2024-05-01 18:42:44,400: WARNING: saving_utils: Compiled the loaded model, but the compiled metrics have yet to be built. `model.compile_metrics` will be empty until you train or evaluate the model.]
[2024-05-01 18:59:26,768: INFO: main: >>>>>> stage Data Ingestion stage started <<<<<<]
[2024-05-01 18:59:26,771: INFO: common: yaml file: config\config.yaml loaded successfully]
[2024-05-01 18:59:26,773: INFO: common: yaml file: params.yaml loaded successfully]
[2024-05-01 18:59:26,773: INFO: common: created directory at: artifacts]
[2024-05-01 18:59:26,775: INFO: common: created directory at: artifacts/data_ingestion]
[2024-05-01 18:59:26,775: INFO: data_ingestion: Downloading data from https://drive.google.com/file/d/1vlhZ5c7abUKF8xXERIw6m9Te8fW7ohw3/view?usp=sharing into file artifacts/data_ingestion/data.zip]
[2024-05-01 19:00:57,090: INFO: data_ingestion: Downloaded data from https://drive.google.com/file/d/1vlhZ5c7abUKF8xXERIw6m9Te8fW7ohw3/view?usp=sharing into file artifacts/data_ingestion/data.zip]
[2024-05-01 19:00:58,370: INFO: main: >>>>>> stage Data Ingestion stage completed <<<<<<

x==========x]
[2024-05-01 19:00:58,371: INFO: main: *******************]
[2024-05-01 19:00:58,371: INFO: main: >>>>>> stage Prepare base model started <<<<<<]
[2024-05-01 19:00:58,375: INFO: common: yaml file: config\config.yaml loaded successfully]
[2024-05-01 19:00:58,379: INFO: common: yaml file: params.yaml loaded successfully]
[2024-05-01 19:00:58,381: INFO: common: created directory at: artifacts]
[2024-05-01 19:00:58,382: INFO: common: created directory at: artifacts/prepare_base_model]
[2024-05-01 19:00:59,239: WARNING: saving_utils: Compiled the loaded model, but the compiled metrics have yet to be built. `model.compile_metrics` will be empty until you train or evaluate the model.]
[2024-05-01 19:00:59,502: INFO: main: >>>>>> stage Prepare base model completed <<<<<<

x==========x]
